<?xml version="1.0" encoding="UTF-8"?>
<!-- Generated by org.testng.reporters.JUnitReportReporter -->
<testsuite hostname="Arati" failures="0" tests="3" name="RunnerFile.RunnerClassGroupExecution" time="64.665" errors="0" timestamp="2024-06-21T16:12:25 IST" skipped="0">
  <testcase classname="RunnerFile.RunnerClassGroupExecution" name="runScenario" time="23.779"/>
  <testcase classname="RunnerFile.RunnerClassGroupExecution" name="runScenario" time="19.463"/>
  <testcase classname="RunnerFile.RunnerClassGroupExecution" name="runScenario" time="21.423"/>
</testsuite> <!-- RunnerFile.RunnerClassGroupExecution -->
