<?xml version="1.0" encoding="UTF-8"?>
<!-- Generated by org.testng.reporters.JUnitReportReporter -->
<testsuite hostname="Arati" failures="0" tests="1" name="RunnerFile.RunnerClass" time="15.735" errors="0" timestamp="2024-06-21T15:07:26 IST" skipped="0">
  <testcase classname="RunnerFile.RunnerClass" name="runScenario" time="15.735"/>
</testsuite> <!-- RunnerFile.RunnerClass -->
